[0m[[0minfo[0m] [0mLoading project definition from /root/Protomapper-Serve/project[0m
[0m[[0minfo[0m] [0mSet current project to Protomapper-Serve (in build file:/root/Protomapper-Serve/)[0m
[32m
(Starting server. Type Ctrl+D to exit logs, the server will remain in background)
[0m

[0m[[0minfo[0m] [0mLoading project definition from /root/Protomapper-Serve/project[0m
[0m[[0minfo[0m] [0mSet current project to Protomapper-Serve (in build file:/root/Protomapper-Serve/)[0m
[32m
(Starting server. Type Ctrl+D to exit logs, the server will remain in background)
[0m

[0m[[0minfo[0m] [0mLoading project definition from /root/Protomapper-Serve/project[0m
[0m[[0minfo[0m] [0mSet current project to Protomapper-Serve (in build file:/root/Protomapper-Serve/)[0m
[32m
(Starting server. Type Ctrl+D to exit logs, the server will remain in background)
[0m

[0m[[0minfo[0m] [0mLoading project definition from /root/Protomapper-Serve/project[0m
[0m[[0minfo[0m] [0mSet current project to Protomapper-Serve (in build file:/root/Protomapper-Serve/)[0m
[32m
(Starting server. Type Ctrl+D to exit logs, the server will remain in background)
[0m

[0m[[0minfo[0m] [0mLoading project definition from /root/Protomapper-Serve/project[0m
[0m[[0minfo[0m] [0mSet current project to Protomapper-Serve (in build file:/root/Protomapper-Serve/)[0m
[32m
(Starting server. Type Ctrl+D to exit logs, the server will remain in background)
[0m

[0m[[0minfo[0m] [0mLoading project definition from /root/Protomapper-Serve/project[0m
[0m[[0minfo[0m] [0mSet current project to Protomapper-Serve (in build file:/root/Protomapper-Serve/)[0m
[32m
(Starting server. Type Ctrl+D to exit logs, the server will remain in background)
[0m

[0m[[0minfo[0m] [0mLoading project definition from /root/Protomapper-Serve/project[0m
[0m[[0minfo[0m] [0mSet current project to Protomapper-Serve (in build file:/root/Protomapper-Serve/)[0m
[32m
(Starting server. Type Ctrl+D to exit logs, the server will remain in background)
[0m

[0m[[0minfo[0m] [0mLoading project definition from /root/Protomapper-Serve/project[0m
[0m[[0minfo[0m] [0mSet current project to Protomapper-Serve (in build file:/root/Protomapper-Serve/)[0m
[32m
(Starting server. Type Ctrl+D to exit logs, the server will remain in background)
[0m

[0m[[0minfo[0m] [0mLoading project definition from /root/Protomapper-Serve/project[0m
[0m[[0minfo[0m] [0mSet current project to Protomapper-Serve (in build file:/root/Protomapper-Serve/)[0m
[32m
(Starting server. Type Ctrl+D to exit logs, the server will remain in background)
[0m

[0m[[0minfo[0m] [0mLoading project definition from /root/Protomapper-Serve/project[0m
[0m[[0minfo[0m] [0mSet current project to Protomapper-Serve (in build file:/root/Protomapper-Serve/)[0m
[32m
(Starting server. Type Ctrl+D to exit logs, the server will remain in background)
[0m

[0m[[0minfo[0m] [0mLoading project definition from /root/Protomapper-Serve/project[0m
[0m[[0minfo[0m] [0mSet current project to Protomapper-Serve (in build file:/root/Protomapper-Serve/)[0m
[0m[[0minfo[0m] [0mCompiling 1 Scala source to /root/Protomapper-Serve/target/scala-2.10/classes...[0m
[32m
(Starting server. Type Ctrl+D to exit logs, the server will remain in background)
[0m

[0m[[0minfo[0m] [0mLoading project definition from /root/Protomapper-Serve/project[0m
[0m[[0minfo[0m] [0mSet current project to Protomapper-Serve (in build file:/root/Protomapper-Serve/)[0m
[32m
(Starting server. Type Ctrl+D to exit logs, the server will remain in background)
[0m

[0m[[0minfo[0m] [0mLoading project definition from /root/Protomapper-Serve/project[0m
[0m[[0minfo[0m] [0mSet current project to Protomapper-Serve (in build file:/root/Protomapper-Serve/)[0m
[32m
(Starting server. Type Ctrl+D to exit logs, the server will remain in background)
[0m

[0m[[0minfo[0m] [0mLoading project definition from /root/Protomapper-Serve/project[0m
[0m[[0minfo[0m] [0mSet current project to Protomapper-Serve (in build file:/root/Protomapper-Serve/)[0m
[32m
(Starting server. Type Ctrl+D to exit logs, the server will remain in background)
[0m

[0m[[0minfo[0m] [0mLoading project definition from /root/Protomapper-Serve/project[0m
[0m[[0minfo[0m] [0mSet current project to Protomapper-Serve (in build file:/root/Protomapper-Serve/)[0m
[32m
(Starting server. Type Ctrl+D to exit logs, the server will remain in background)
[0m

[0m[[0minfo[0m] [0mLoading project definition from /root/Protomapper-Serve/project[0m
[0m[[0minfo[0m] [0mSet current project to Protomapper-Serve (in build file:/root/Protomapper-Serve/)[0m
[32m
(Starting server. Type Ctrl+D to exit logs, the server will remain in background)
[0m

[0m[[0minfo[0m] [0mLoading project definition from /root/Protomapper-Serve/project[0m
[0m[[0minfo[0m] [0mSet current project to Protomapper-Serve (in build file:/root/Protomapper-Serve/)[0m
[32m
(Starting server. Type Ctrl+D to exit logs, the server will remain in background)
[0m

[0m[[0minfo[0m] [0mLoading project definition from /root/Protomapper-Serve/project[0m
[0m[[0minfo[0m] [0mSet current project to Protomapper-Serve (in build file:/root/Protomapper-Serve/)[0m
[32m
(Starting server. Type Ctrl+D to exit logs, the server will remain in background)
[0m

[0m[[0minfo[0m] [0mLoading project definition from /root/Protomapper-Serve/project[0m
[0m[[0minfo[0m] [0mSet current project to Protomapper-Serve (in build file:/root/Protomapper-Serve/)[0m
[32m
(Starting server. Type Ctrl+D to exit logs, the server will remain in background)
[0m

[0m[[0minfo[0m] [0mLoading project definition from /root/Protomapper-Serve/project[0m
[0m[[0minfo[0m] [0mSet current project to Protomapper-Serve (in build file:/root/Protomapper-Serve/)[0m
[32m
(Starting server. Type Ctrl+D to exit logs, the server will remain in background)
[0m

