2014-05-30 08:56:47,796 - [INFO] - from play in main 
Application started (Prod)

2014-05-30 08:56:47,944 - [INFO] - from play in main 
Listening for HTTP on /0:0:0:0:0:0:0:0:9001

2014-05-30 08:57:58,857 - [INFO] - from play in main 
Application started (Prod)

2014-05-30 08:57:58,937 - [INFO] - from play in main 
Listening for HTTP on /0:0:0:0:0:0:0:0:9001

2014-05-30 09:01:46,214 - [INFO] - from play in main 
Application started (Prod)

2014-05-30 09:01:46,294 - [INFO] - from play in main 
Listening for HTTP on /0:0:0:0:0:0:0:0:9001

2014-05-30 11:20:22,681 - [INFO] - from play in main 
Application started (Prod)

2014-05-30 11:20:22,763 - [INFO] - from play in main 
Listening for HTTP on /0:0:0:0:0:0:0:0:9001

2014-05-30 11:22:34,257 - [INFO] - from play in main 
Application started (Prod)

2014-05-30 11:22:34,357 - [INFO] - from play in main 
Listening for HTTP on /0:0:0:0:0:0:0:0:9001

2014-05-30 11:23:08,447 - [INFO] - from play in main 
Application started (Prod)

2014-05-30 11:23:08,532 - [INFO] - from play in main 
Listening for HTTP on /0:0:0:0:0:0:0:0:9001

2014-05-30 11:30:04,193 - [INFO] - from play in main 
Application started (Prod)

2014-05-30 11:30:04,271 - [INFO] - from play in main 
Listening for HTTP on /0:0:0:0:0:0:0:0:9001

2014-05-30 11:31:41,227 - [INFO] - from play in main 
Application started (Prod)

2014-05-30 11:31:41,425 - [INFO] - from play in main 
Listening for HTTP on /0:0:0:0:0:0:0:0:9001

2014-05-30 11:35:00,729 - [INFO] - from play in main 
Application started (Prod)

2014-05-30 11:35:00,812 - [INFO] - from play in main 
Listening for HTTP on /0:0:0:0:0:0:0:0:9001

2014-05-30 11:36:39,897 - [INFO] - from play in main 
Application started (Prod)

2014-05-30 11:36:39,982 - [INFO] - from play in main 
Listening for HTTP on /0:0:0:0:0:0:0:0:9001

2014-05-30 11:37:23,226 - [INFO] - from play in main 
Application started (Prod)

2014-05-30 11:37:23,311 - [INFO] - from play in main 
Listening for HTTP on /0:0:0:0:0:0:0:0:9001

2014-05-30 11:38:33,228 - [INFO] - from play in main 
Application started (Prod)

2014-05-30 11:38:33,311 - [INFO] - from play in main 
Listening for HTTP on /0:0:0:0:0:0:0:0:9001

2014-05-30 11:39:17,008 - [INFO] - from play in main 
Application started (Prod)

2014-05-30 11:39:17,087 - [INFO] - from play in main 
Listening for HTTP on /0:0:0:0:0:0:0:0:9001

2014-05-30 11:39:42,055 - [INFO] - from play in main 
Application started (Prod)

2014-05-30 11:39:42,135 - [INFO] - from play in main 
Listening for HTTP on /0:0:0:0:0:0:0:0:9001

2014-05-30 11:41:02,899 - [INFO] - from play in main 
Application started (Prod)

2014-05-30 11:41:02,986 - [INFO] - from play in main 
Listening for HTTP on /0:0:0:0:0:0:0:0:9001

2014-05-30 11:41:30,486 - [INFO] - from play in main 
Application started (Prod)

2014-05-30 11:41:30,571 - [INFO] - from play in main 
Listening for HTTP on /0:0:0:0:0:0:0:0:9001

2014-05-30 11:54:54,444 - [INFO] - from play in main 
Application started (Prod)

2014-05-30 11:54:54,524 - [INFO] - from play in main 
Listening for HTTP on /0:0:0:0:0:0:0:0:9001

2014-09-07 15:26:16,290 - [INFO] - from play in main 
Application started (Prod)

2014-09-07 15:26:16,394 - [INFO] - from play in main 
Listening for HTTP on /0:0:0:0:0:0:0:0:8080

2014-09-07 15:27:05,800 - [ERROR] - from application in play-akka.actor.default-dispatcher-7 


! @6jejp316p - Internal server error, for (GET) [/terms?field=db] ->

play.api.Application$$anon$1: Execution exception[[NoSuchDirectoryException: directory '/home/josh/code/Protomapper-Serve/test/db/swissprot_1gram' does not exist]]
	at play.api.Application$class.handleError(Application.scala:293) ~[play_2.10.jar:2.2.3]
	at play.api.DefaultApplication.handleError(Application.scala:399) [play_2.10.jar:2.2.3]
	at play.core.server.netty.PlayDefaultUpstreamHandler$$anonfun$13$$anonfun$apply$1.applyOrElse(PlayDefaultUpstreamHandler.scala:166) [play_2.10.jar:2.2.3]
	at play.core.server.netty.PlayDefaultUpstreamHandler$$anonfun$13$$anonfun$apply$1.applyOrElse(PlayDefaultUpstreamHandler.scala:163) [play_2.10.jar:2.2.3]
	at scala.runtime.AbstractPartialFunction.apply(AbstractPartialFunction.scala:33) [scala-library.jar:na]
	at scala.util.Failure$$anonfun$recover$1.apply(Try.scala:185) [scala-library.jar:na]
	at scala.util.Try$.apply(Try.scala:161) [scala-library.jar:na]
	at scala.util.Failure.recover(Try.scala:185) [scala-library.jar:na]
	at scala.concurrent.Future$$anonfun$recover$1.apply(Future.scala:324) [scala-library.jar:na]
	at scala.concurrent.Future$$anonfun$recover$1.apply(Future.scala:324) [scala-library.jar:na]
	at scala.concurrent.impl.CallbackRunnable.run(Promise.scala:32) [scala-library.jar:na]
	at play.api.libs.iteratee.Execution$$anon$1.execute(Execution.scala:43) [play-iteratees_2.10.jar:2.2.3]
	at scala.concurrent.impl.CallbackRunnable.executeWithValue(Promise.scala:40) [scala-library.jar:na]
	at scala.concurrent.impl.Promise$DefaultPromise.tryComplete(Promise.scala:248) [scala-library.jar:na]
	at scala.concurrent.Promise$class.complete(Promise.scala:55) [scala-library.jar:na]
	at scala.concurrent.impl.Promise$DefaultPromise.complete(Promise.scala:153) [scala-library.jar:na]
	at scala.concurrent.Future$$anonfun$flatMap$1.apply(Future.scala:249) [scala-library.jar:na]
	at scala.concurrent.Future$$anonfun$flatMap$1.apply(Future.scala:249) [scala-library.jar:na]
	at scala.concurrent.impl.CallbackRunnable.run(Promise.scala:32) [scala-library.jar:na]
	at play.api.libs.iteratee.Execution$$anon$2.execute(Execution.scala:70) [play-iteratees_2.10.jar:2.2.3]
	at scala.concurrent.impl.CallbackRunnable.executeWithValue(Promise.scala:40) [scala-library.jar:na]
	at scala.concurrent.impl.Promise$DefaultPromise.tryComplete(Promise.scala:248) [scala-library.jar:na]
	at scala.concurrent.Promise$class.complete(Promise.scala:55) [scala-library.jar:na]
	at scala.concurrent.impl.Promise$DefaultPromise.complete(Promise.scala:153) [scala-library.jar:na]
	at scala.concurrent.impl.Future$PromiseCompletingRunnable.run(Future.scala:23) [scala-library.jar:na]
	at akka.dispatch.TaskInvocation.run(AbstractDispatcher.scala:42) [akka-actor_2.10.jar:2.2.0]
	at akka.dispatch.ForkJoinExecutorConfigurator$AkkaForkJoinTask.exec(AbstractDispatcher.scala:386) [akka-actor_2.10.jar:2.2.0]
	at scala.concurrent.forkjoin.ForkJoinTask.doExec(ForkJoinTask.java:260) [scala-library.jar:na]
	at scala.concurrent.forkjoin.ForkJoinPool$WorkQueue.runTask(ForkJoinPool.java:1339) [scala-library.jar:na]
	at scala.concurrent.forkjoin.ForkJoinPool.runWorker(ForkJoinPool.java:1979) [scala-library.jar:na]
	at scala.concurrent.forkjoin.ForkJoinWorkerThread.run(ForkJoinWorkerThread.java:107) [scala-library.jar:na]
Caused by: org.apache.lucene.store.NoSuchDirectoryException: directory '/home/josh/code/Protomapper-Serve/test/db/swissprot_1gram' does not exist
	at org.apache.lucene.store.FSDirectory.listAll(FSDirectory.java:220) ~[lucene-core-4.0-SNAPSHOT.jar:4.0-SNAPSHOT 1387150 - hudson - 2012-09-18 14:16:23]
	at org.apache.lucene.store.FSDirectory.listAll(FSDirectory.java:243) ~[lucene-core-4.0-SNAPSHOT.jar:4.0-SNAPSHOT 1387150 - hudson - 2012-09-18 14:16:23]
	at org.apache.lucene.index.SegmentInfos$FindSegmentsFile.run(SegmentInfos.java:655) ~[lucene-core-4.0-SNAPSHOT.jar:4.0-SNAPSHOT 1387150 - hudson - 2012-09-18 14:16:23]
	at org.apache.lucene.index.StandardDirectoryReader.open(StandardDirectoryReader.java:52) ~[lucene-core-4.0-SNAPSHOT.jar:4.0-SNAPSHOT 1387150 - hudson - 2012-09-18 14:16:23]
	at org.apache.lucene.index.DirectoryReader.open(DirectoryReader.java:63) ~[lucene-core-4.0-SNAPSHOT.jar:4.0-SNAPSHOT 1387150 - hudson - 2012-09-18 14:16:23]
	at com.protomapper.update.LuceneAccess.getReader(Updater.scala:129) ~[classes/:na]
	at com.protomapper.update.LuceneAccess.getIndexedTerms(Updater.scala:106) ~[classes/:na]
	at controllers.Application$$anonfun$getIndexed$1.apply(Application.scala:59) ~[classes/:na]
	at controllers.Application$$anonfun$getIndexed$1.apply(Application.scala:58) ~[classes/:na]
	at play.api.mvc.ActionBuilder$$anonfun$apply$11.apply(Action.scala:255) ~[play_2.10.jar:2.2.3]
	at play.api.mvc.ActionBuilder$$anonfun$apply$11.apply(Action.scala:255) ~[play_2.10.jar:2.2.3]
	at play.api.mvc.ActionBuilder$$anonfun$apply$10.apply(Action.scala:221) ~[play_2.10.jar:2.2.3]
	at play.api.mvc.ActionBuilder$$anonfun$apply$10.apply(Action.scala:220) ~[play_2.10.jar:2.2.3]
	at play.api.mvc.Action$.invokeBlock(Action.scala:357) ~[play_2.10.jar:2.2.3]
	at play.api.mvc.ActionBuilder$$anon$1.apply(Action.scala:309) ~[play_2.10.jar:2.2.3]
	at play.api.mvc.Action$$anonfun$apply$1$$anonfun$apply$4$$anonfun$apply$5.apply(Action.scala:109) ~[play_2.10.jar:2.2.3]
	at play.api.mvc.Action$$anonfun$apply$1$$anonfun$apply$4$$anonfun$apply$5.apply(Action.scala:109) ~[play_2.10.jar:2.2.3]
	at play.utils.Threads$.withContextClassLoader(Threads.scala:18) ~[play_2.10.jar:2.2.3]
	at play.api.mvc.Action$$anonfun$apply$1$$anonfun$apply$4.apply(Action.scala:108) ~[play_2.10.jar:2.2.3]
	at play.api.mvc.Action$$anonfun$apply$1$$anonfun$apply$4.apply(Action.scala:107) ~[play_2.10.jar:2.2.3]
	at scala.Option.map(Option.scala:145) ~[scala-library.jar:na]
	at play.api.mvc.Action$$anonfun$apply$1.apply(Action.scala:107) ~[play_2.10.jar:2.2.3]
	at play.api.mvc.Action$$anonfun$apply$1.apply(Action.scala:100) ~[play_2.10.jar:2.2.3]
	at play.api.libs.iteratee.Iteratee$$anonfun$mapM$1.apply(Iteratee.scala:481) ~[play-iteratees_2.10.jar:2.2.3]
	at play.api.libs.iteratee.Iteratee$$anonfun$mapM$1.apply(Iteratee.scala:481) ~[play-iteratees_2.10.jar:2.2.3]
	at play.api.libs.iteratee.Iteratee$$anonfun$flatMapM$1.apply(Iteratee.scala:517) ~[play-iteratees_2.10.jar:2.2.3]
	at play.api.libs.iteratee.Iteratee$$anonfun$flatMapM$1.apply(Iteratee.scala:517) ~[play-iteratees_2.10.jar:2.2.3]
	at play.api.libs.iteratee.Iteratee$$anonfun$flatMap$1$$anonfun$apply$13.apply(Iteratee.scala:493) ~[play-iteratees_2.10.jar:2.2.3]
	at play.api.libs.iteratee.Iteratee$$anonfun$flatMap$1$$anonfun$apply$13.apply(Iteratee.scala:493) ~[play-iteratees_2.10.jar:2.2.3]
	at scala.concurrent.impl.Future$PromiseCompletingRunnable.liftedTree1$1(Future.scala:24) [scala-library.jar:na]
	at scala.concurrent.impl.Future$PromiseCompletingRunnable.run(Future.scala:24) [scala-library.jar:na]
	... 6 common frames omitted

2014-09-07 15:30:28,062 - [INFO] - from play in main 
Application started (Prod)

2014-09-07 15:30:28,157 - [INFO] - from play in main 
Listening for HTTP on /0:0:0:0:0:0:0:0:8080

2014-09-07 15:33:24,375 - [ERROR] - from application in play-akka.actor.default-dispatcher-10 


! @6jejpof7f - Internal server error, for (GET) [/summary?q=ACHADDDDDDRRRPPP&db=swissprot&orgs=] ->

play.api.Application$$anon$1: Execution exception[[UnsupportedOperationException: tail of empty list]]
	at play.api.Application$class.handleError(Application.scala:293) ~[play_2.10.jar:2.2.3]
	at play.api.DefaultApplication.handleError(Application.scala:399) [play_2.10.jar:2.2.3]
	at play.core.server.netty.PlayDefaultUpstreamHandler$$anonfun$13$$anonfun$apply$1.applyOrElse(PlayDefaultUpstreamHandler.scala:166) [play_2.10.jar:2.2.3]
	at play.core.server.netty.PlayDefaultUpstreamHandler$$anonfun$13$$anonfun$apply$1.applyOrElse(PlayDefaultUpstreamHandler.scala:163) [play_2.10.jar:2.2.3]
	at scala.runtime.AbstractPartialFunction.apply(AbstractPartialFunction.scala:33) [scala-library.jar:na]
	at scala.util.Failure$$anonfun$recover$1.apply(Try.scala:185) [scala-library.jar:na]
	at scala.util.Try$.apply(Try.scala:161) [scala-library.jar:na]
	at scala.util.Failure.recover(Try.scala:185) [scala-library.jar:na]
	at scala.concurrent.Future$$anonfun$recover$1.apply(Future.scala:324) [scala-library.jar:na]
	at scala.concurrent.Future$$anonfun$recover$1.apply(Future.scala:324) [scala-library.jar:na]
	at scala.concurrent.impl.CallbackRunnable.run(Promise.scala:32) [scala-library.jar:na]
	at play.api.libs.iteratee.Execution$$anon$1.execute(Execution.scala:43) [play-iteratees_2.10.jar:2.2.3]
	at scala.concurrent.impl.CallbackRunnable.executeWithValue(Promise.scala:40) [scala-library.jar:na]
	at scala.concurrent.impl.Promise$DefaultPromise.tryComplete(Promise.scala:248) [scala-library.jar:na]
	at scala.concurrent.Promise$class.complete(Promise.scala:55) [scala-library.jar:na]
	at scala.concurrent.impl.Promise$DefaultPromise.complete(Promise.scala:153) [scala-library.jar:na]
	at scala.concurrent.Future$$anonfun$flatMap$1.apply(Future.scala:249) [scala-library.jar:na]
	at scala.concurrent.Future$$anonfun$flatMap$1.apply(Future.scala:249) [scala-library.jar:na]
	at scala.concurrent.impl.CallbackRunnable.run(Promise.scala:32) [scala-library.jar:na]
	at play.api.libs.iteratee.Execution$$anon$2.execute(Execution.scala:70) [play-iteratees_2.10.jar:2.2.3]
	at scala.concurrent.impl.CallbackRunnable.executeWithValue(Promise.scala:40) [scala-library.jar:na]
	at scala.concurrent.impl.Promise$DefaultPromise.tryComplete(Promise.scala:248) [scala-library.jar:na]
	at scala.concurrent.Promise$class.complete(Promise.scala:55) [scala-library.jar:na]
	at scala.concurrent.impl.Promise$DefaultPromise.complete(Promise.scala:153) [scala-library.jar:na]
	at scala.concurrent.impl.Future$PromiseCompletingRunnable.run(Future.scala:23) [scala-library.jar:na]
	at akka.dispatch.TaskInvocation.run(AbstractDispatcher.scala:42) [akka-actor_2.10.jar:2.2.0]
	at akka.dispatch.ForkJoinExecutorConfigurator$AkkaForkJoinTask.exec(AbstractDispatcher.scala:386) [akka-actor_2.10.jar:2.2.0]
	at scala.concurrent.forkjoin.ForkJoinTask.doExec(ForkJoinTask.java:260) [scala-library.jar:na]
	at scala.concurrent.forkjoin.ForkJoinPool$WorkQueue.runTask(ForkJoinPool.java:1339) [scala-library.jar:na]
	at scala.concurrent.forkjoin.ForkJoinPool.runWorker(ForkJoinPool.java:1979) [scala-library.jar:na]
	at scala.concurrent.forkjoin.ForkJoinWorkerThread.run(ForkJoinWorkerThread.java:107) [scala-library.jar:na]
Caused by: java.lang.UnsupportedOperationException: tail of empty list
	at scala.collection.immutable.Nil$.tail(List.scala:339) ~[scala-library.jar:na]
	at scala.collection.immutable.Nil$.tail(List.scala:334) ~[scala-library.jar:na]
	at com.protomapper.search.Result.countOrgsJSON(Searcher.scala:180) ~[classes/:na]
	at controllers.Application$$anonfun$summary$1.apply(Application.scala:86) ~[classes/:2.2.3]
	at controllers.Application$$anonfun$summary$1.apply(Application.scala:84) ~[classes/:2.2.3]
	at play.api.mvc.ActionBuilder$$anonfun$apply$11.apply(Action.scala:255) ~[play_2.10.jar:2.2.3]
	at play.api.mvc.ActionBuilder$$anonfun$apply$11.apply(Action.scala:255) ~[play_2.10.jar:2.2.3]
	at play.api.mvc.ActionBuilder$$anonfun$apply$10.apply(Action.scala:221) ~[play_2.10.jar:2.2.3]
	at play.api.mvc.ActionBuilder$$anonfun$apply$10.apply(Action.scala:220) ~[play_2.10.jar:2.2.3]
	at play.api.mvc.Action$.invokeBlock(Action.scala:357) ~[play_2.10.jar:2.2.3]
	at play.api.mvc.ActionBuilder$$anon$1.apply(Action.scala:309) ~[play_2.10.jar:2.2.3]
	at play.api.mvc.Action$$anonfun$apply$1$$anonfun$apply$4$$anonfun$apply$5.apply(Action.scala:109) ~[play_2.10.jar:2.2.3]
	at play.api.mvc.Action$$anonfun$apply$1$$anonfun$apply$4$$anonfun$apply$5.apply(Action.scala:109) ~[play_2.10.jar:2.2.3]
	at play.utils.Threads$.withContextClassLoader(Threads.scala:18) ~[play_2.10.jar:2.2.3]
	at play.api.mvc.Action$$anonfun$apply$1$$anonfun$apply$4.apply(Action.scala:108) ~[play_2.10.jar:2.2.3]
	at play.api.mvc.Action$$anonfun$apply$1$$anonfun$apply$4.apply(Action.scala:107) ~[play_2.10.jar:2.2.3]
	at scala.Option.map(Option.scala:145) ~[scala-library.jar:na]
	at play.api.mvc.Action$$anonfun$apply$1.apply(Action.scala:107) ~[play_2.10.jar:2.2.3]
	at play.api.mvc.Action$$anonfun$apply$1.apply(Action.scala:100) ~[play_2.10.jar:2.2.3]
	at play.api.libs.iteratee.Iteratee$$anonfun$mapM$1.apply(Iteratee.scala:481) ~[play-iteratees_2.10.jar:2.2.3]
	at play.api.libs.iteratee.Iteratee$$anonfun$mapM$1.apply(Iteratee.scala:481) ~[play-iteratees_2.10.jar:2.2.3]
	at play.api.libs.iteratee.Iteratee$$anonfun$flatMapM$1.apply(Iteratee.scala:517) ~[play-iteratees_2.10.jar:2.2.3]
	at play.api.libs.iteratee.Iteratee$$anonfun$flatMapM$1.apply(Iteratee.scala:517) ~[play-iteratees_2.10.jar:2.2.3]
	at play.api.libs.iteratee.Iteratee$$anonfun$flatMap$1$$anonfun$apply$13.apply(Iteratee.scala:493) ~[play-iteratees_2.10.jar:2.2.3]
	at play.api.libs.iteratee.Iteratee$$anonfun$flatMap$1$$anonfun$apply$13.apply(Iteratee.scala:493) ~[play-iteratees_2.10.jar:2.2.3]
	at scala.concurrent.impl.Future$PromiseCompletingRunnable.liftedTree1$1(Future.scala:24) [scala-library.jar:na]
	at scala.concurrent.impl.Future$PromiseCompletingRunnable.run(Future.scala:24) [scala-library.jar:na]
	... 6 common frames omitted

2014-09-07 15:33:45,038 - [ERROR] - from application in play-akka.actor.default-dispatcher-14 


! @6jejppjmd - Internal server error, for (GET) [/summary?q=AVHADDD&db=swissprot&orgs=] ->

play.api.Application$$anon$1: Execution exception[[UnsupportedOperationException: tail of empty list]]
	at play.api.Application$class.handleError(Application.scala:293) ~[play_2.10.jar:2.2.3]
	at play.api.DefaultApplication.handleError(Application.scala:399) [play_2.10.jar:2.2.3]
	at play.core.server.netty.PlayDefaultUpstreamHandler$$anonfun$13$$anonfun$apply$1.applyOrElse(PlayDefaultUpstreamHandler.scala:166) [play_2.10.jar:2.2.3]
	at play.core.server.netty.PlayDefaultUpstreamHandler$$anonfun$13$$anonfun$apply$1.applyOrElse(PlayDefaultUpstreamHandler.scala:163) [play_2.10.jar:2.2.3]
	at scala.runtime.AbstractPartialFunction.apply(AbstractPartialFunction.scala:33) [scala-library.jar:na]
	at scala.util.Failure$$anonfun$recover$1.apply(Try.scala:185) [scala-library.jar:na]
	at scala.util.Try$.apply(Try.scala:161) [scala-library.jar:na]
	at scala.util.Failure.recover(Try.scala:185) [scala-library.jar:na]
	at scala.concurrent.Future$$anonfun$recover$1.apply(Future.scala:324) [scala-library.jar:na]
	at scala.concurrent.Future$$anonfun$recover$1.apply(Future.scala:324) [scala-library.jar:na]
	at scala.concurrent.impl.CallbackRunnable.run(Promise.scala:32) [scala-library.jar:na]
	at play.api.libs.iteratee.Execution$$anon$1.execute(Execution.scala:43) [play-iteratees_2.10.jar:2.2.3]
	at scala.concurrent.impl.CallbackRunnable.executeWithValue(Promise.scala:40) [scala-library.jar:na]
	at scala.concurrent.impl.Promise$DefaultPromise.tryComplete(Promise.scala:248) [scala-library.jar:na]
	at scala.concurrent.Promise$class.complete(Promise.scala:55) [scala-library.jar:na]
	at scala.concurrent.impl.Promise$DefaultPromise.complete(Promise.scala:153) [scala-library.jar:na]
	at scala.concurrent.Future$$anonfun$flatMap$1.apply(Future.scala:249) [scala-library.jar:na]
	at scala.concurrent.Future$$anonfun$flatMap$1.apply(Future.scala:249) [scala-library.jar:na]
	at scala.concurrent.impl.CallbackRunnable.run(Promise.scala:32) [scala-library.jar:na]
	at play.api.libs.iteratee.Execution$$anon$2.execute(Execution.scala:70) [play-iteratees_2.10.jar:2.2.3]
	at scala.concurrent.impl.CallbackRunnable.executeWithValue(Promise.scala:40) [scala-library.jar:na]
	at scala.concurrent.impl.Promise$DefaultPromise.tryComplete(Promise.scala:248) [scala-library.jar:na]
	at scala.concurrent.Promise$class.complete(Promise.scala:55) [scala-library.jar:na]
	at scala.concurrent.impl.Promise$DefaultPromise.complete(Promise.scala:153) [scala-library.jar:na]
	at scala.concurrent.impl.Future$PromiseCompletingRunnable.run(Future.scala:23) [scala-library.jar:na]
	at akka.dispatch.TaskInvocation.run(AbstractDispatcher.scala:42) [akka-actor_2.10.jar:2.2.0]
	at akka.dispatch.ForkJoinExecutorConfigurator$AkkaForkJoinTask.exec(AbstractDispatcher.scala:386) [akka-actor_2.10.jar:2.2.0]
	at scala.concurrent.forkjoin.ForkJoinTask.doExec(ForkJoinTask.java:260) [scala-library.jar:na]
	at scala.concurrent.forkjoin.ForkJoinPool$WorkQueue.runTask(ForkJoinPool.java:1339) [scala-library.jar:na]
	at scala.concurrent.forkjoin.ForkJoinPool.runWorker(ForkJoinPool.java:1979) [scala-library.jar:na]
	at scala.concurrent.forkjoin.ForkJoinWorkerThread.run(ForkJoinWorkerThread.java:107) [scala-library.jar:na]
Caused by: java.lang.UnsupportedOperationException: tail of empty list
	at scala.collection.immutable.Nil$.tail(List.scala:339) ~[scala-library.jar:na]
	at scala.collection.immutable.Nil$.tail(List.scala:334) ~[scala-library.jar:na]
	at com.protomapper.search.Result.countOrgsJSON(Searcher.scala:180) ~[classes/:na]
	at controllers.Application$$anonfun$summary$1.apply(Application.scala:86) ~[classes/:2.2.3]
	at controllers.Application$$anonfun$summary$1.apply(Application.scala:84) ~[classes/:2.2.3]
	at play.api.mvc.ActionBuilder$$anonfun$apply$11.apply(Action.scala:255) ~[play_2.10.jar:2.2.3]
	at play.api.mvc.ActionBuilder$$anonfun$apply$11.apply(Action.scala:255) ~[play_2.10.jar:2.2.3]
	at play.api.mvc.ActionBuilder$$anonfun$apply$10.apply(Action.scala:221) ~[play_2.10.jar:2.2.3]
	at play.api.mvc.ActionBuilder$$anonfun$apply$10.apply(Action.scala:220) ~[play_2.10.jar:2.2.3]
	at play.api.mvc.Action$.invokeBlock(Action.scala:357) ~[play_2.10.jar:2.2.3]
	at play.api.mvc.ActionBuilder$$anon$1.apply(Action.scala:309) ~[play_2.10.jar:2.2.3]
	at play.api.mvc.Action$$anonfun$apply$1$$anonfun$apply$4$$anonfun$apply$5.apply(Action.scala:109) ~[play_2.10.jar:2.2.3]
	at play.api.mvc.Action$$anonfun$apply$1$$anonfun$apply$4$$anonfun$apply$5.apply(Action.scala:109) ~[play_2.10.jar:2.2.3]
	at play.utils.Threads$.withContextClassLoader(Threads.scala:18) ~[play_2.10.jar:2.2.3]
	at play.api.mvc.Action$$anonfun$apply$1$$anonfun$apply$4.apply(Action.scala:108) ~[play_2.10.jar:2.2.3]
	at play.api.mvc.Action$$anonfun$apply$1$$anonfun$apply$4.apply(Action.scala:107) ~[play_2.10.jar:2.2.3]
	at scala.Option.map(Option.scala:145) ~[scala-library.jar:na]
	at play.api.mvc.Action$$anonfun$apply$1.apply(Action.scala:107) ~[play_2.10.jar:2.2.3]
	at play.api.mvc.Action$$anonfun$apply$1.apply(Action.scala:100) ~[play_2.10.jar:2.2.3]
	at play.api.libs.iteratee.Iteratee$$anonfun$mapM$1.apply(Iteratee.scala:481) ~[play-iteratees_2.10.jar:2.2.3]
	at play.api.libs.iteratee.Iteratee$$anonfun$mapM$1.apply(Iteratee.scala:481) ~[play-iteratees_2.10.jar:2.2.3]
	at play.api.libs.iteratee.Iteratee$$anonfun$flatMapM$1.apply(Iteratee.scala:517) ~[play-iteratees_2.10.jar:2.2.3]
	at play.api.libs.iteratee.Iteratee$$anonfun$flatMapM$1.apply(Iteratee.scala:517) ~[play-iteratees_2.10.jar:2.2.3]
	at play.api.libs.iteratee.Iteratee$$anonfun$flatMap$1$$anonfun$apply$13.apply(Iteratee.scala:493) ~[play-iteratees_2.10.jar:2.2.3]
	at play.api.libs.iteratee.Iteratee$$anonfun$flatMap$1$$anonfun$apply$13.apply(Iteratee.scala:493) ~[play-iteratees_2.10.jar:2.2.3]
	at scala.concurrent.impl.Future$PromiseCompletingRunnable.liftedTree1$1(Future.scala:24) [scala-library.jar:na]
	at scala.concurrent.impl.Future$PromiseCompletingRunnable.run(Future.scala:24) [scala-library.jar:na]
	... 6 common frames omitted

2014-09-07 15:35:19,218 - [ERROR] - from application in play-akka.actor.default-dispatcher-15 


! @6jek0534m - Internal server error, for (GET) [/summary?q=AAARRRRPPPPPLLLLQQQ&db=swissprot&orgs=] ->

play.api.Application$$anon$1: Execution exception[[UnsupportedOperationException: tail of empty list]]
	at play.api.Application$class.handleError(Application.scala:293) ~[play_2.10.jar:2.2.3]
	at play.api.DefaultApplication.handleError(Application.scala:399) [play_2.10.jar:2.2.3]
	at play.core.server.netty.PlayDefaultUpstreamHandler$$anonfun$13$$anonfun$apply$1.applyOrElse(PlayDefaultUpstreamHandler.scala:166) [play_2.10.jar:2.2.3]
	at play.core.server.netty.PlayDefaultUpstreamHandler$$anonfun$13$$anonfun$apply$1.applyOrElse(PlayDefaultUpstreamHandler.scala:163) [play_2.10.jar:2.2.3]
	at scala.runtime.AbstractPartialFunction.apply(AbstractPartialFunction.scala:33) [scala-library.jar:na]
	at scala.util.Failure$$anonfun$recover$1.apply(Try.scala:185) [scala-library.jar:na]
	at scala.util.Try$.apply(Try.scala:161) [scala-library.jar:na]
	at scala.util.Failure.recover(Try.scala:185) [scala-library.jar:na]
	at scala.concurrent.Future$$anonfun$recover$1.apply(Future.scala:324) [scala-library.jar:na]
	at scala.concurrent.Future$$anonfun$recover$1.apply(Future.scala:324) [scala-library.jar:na]
	at scala.concurrent.impl.CallbackRunnable.run(Promise.scala:32) [scala-library.jar:na]
	at play.api.libs.iteratee.Execution$$anon$1.execute(Execution.scala:43) [play-iteratees_2.10.jar:2.2.3]
	at scala.concurrent.impl.CallbackRunnable.executeWithValue(Promise.scala:40) [scala-library.jar:na]
	at scala.concurrent.impl.Promise$DefaultPromise.tryComplete(Promise.scala:248) [scala-library.jar:na]
	at scala.concurrent.Promise$class.complete(Promise.scala:55) [scala-library.jar:na]
	at scala.concurrent.impl.Promise$DefaultPromise.complete(Promise.scala:153) [scala-library.jar:na]
	at scala.concurrent.Future$$anonfun$flatMap$1.apply(Future.scala:249) [scala-library.jar:na]
	at scala.concurrent.Future$$anonfun$flatMap$1.apply(Future.scala:249) [scala-library.jar:na]
	at scala.concurrent.impl.CallbackRunnable.run(Promise.scala:32) [scala-library.jar:na]
	at play.api.libs.iteratee.Execution$$anon$2.execute(Execution.scala:70) [play-iteratees_2.10.jar:2.2.3]
	at scala.concurrent.impl.CallbackRunnable.executeWithValue(Promise.scala:40) [scala-library.jar:na]
	at scala.concurrent.impl.Promise$DefaultPromise.tryComplete(Promise.scala:248) [scala-library.jar:na]
	at scala.concurrent.Promise$class.complete(Promise.scala:55) [scala-library.jar:na]
	at scala.concurrent.impl.Promise$DefaultPromise.complete(Promise.scala:153) [scala-library.jar:na]
	at scala.concurrent.impl.Future$PromiseCompletingRunnable.run(Future.scala:23) [scala-library.jar:na]
	at akka.dispatch.TaskInvocation.run(AbstractDispatcher.scala:42) [akka-actor_2.10.jar:2.2.0]
	at akka.dispatch.ForkJoinExecutorConfigurator$AkkaForkJoinTask.exec(AbstractDispatcher.scala:386) [akka-actor_2.10.jar:2.2.0]
	at scala.concurrent.forkjoin.ForkJoinTask.doExec(ForkJoinTask.java:260) [scala-library.jar:na]
	at scala.concurrent.forkjoin.ForkJoinPool$WorkQueue.runTask(ForkJoinPool.java:1339) [scala-library.jar:na]
	at scala.concurrent.forkjoin.ForkJoinPool.runWorker(ForkJoinPool.java:1979) [scala-library.jar:na]
	at scala.concurrent.forkjoin.ForkJoinWorkerThread.run(ForkJoinWorkerThread.java:107) [scala-library.jar:na]
Caused by: java.lang.UnsupportedOperationException: tail of empty list
	at scala.collection.immutable.Nil$.tail(List.scala:339) ~[scala-library.jar:na]
	at scala.collection.immutable.Nil$.tail(List.scala:334) ~[scala-library.jar:na]
	at com.protomapper.search.Result.countOrgsJSON(Searcher.scala:180) ~[classes/:na]
	at controllers.Application$$anonfun$summary$1.apply(Application.scala:86) ~[classes/:2.2.3]
	at controllers.Application$$anonfun$summary$1.apply(Application.scala:84) ~[classes/:2.2.3]
	at play.api.mvc.ActionBuilder$$anonfun$apply$11.apply(Action.scala:255) ~[play_2.10.jar:2.2.3]
	at play.api.mvc.ActionBuilder$$anonfun$apply$11.apply(Action.scala:255) ~[play_2.10.jar:2.2.3]
	at play.api.mvc.ActionBuilder$$anonfun$apply$10.apply(Action.scala:221) ~[play_2.10.jar:2.2.3]
	at play.api.mvc.ActionBuilder$$anonfun$apply$10.apply(Action.scala:220) ~[play_2.10.jar:2.2.3]
	at play.api.mvc.Action$.invokeBlock(Action.scala:357) ~[play_2.10.jar:2.2.3]
	at play.api.mvc.ActionBuilder$$anon$1.apply(Action.scala:309) ~[play_2.10.jar:2.2.3]
	at play.api.mvc.Action$$anonfun$apply$1$$anonfun$apply$4$$anonfun$apply$5.apply(Action.scala:109) ~[play_2.10.jar:2.2.3]
	at play.api.mvc.Action$$anonfun$apply$1$$anonfun$apply$4$$anonfun$apply$5.apply(Action.scala:109) ~[play_2.10.jar:2.2.3]
	at play.utils.Threads$.withContextClassLoader(Threads.scala:18) ~[play_2.10.jar:2.2.3]
	at play.api.mvc.Action$$anonfun$apply$1$$anonfun$apply$4.apply(Action.scala:108) ~[play_2.10.jar:2.2.3]
	at play.api.mvc.Action$$anonfun$apply$1$$anonfun$apply$4.apply(Action.scala:107) ~[play_2.10.jar:2.2.3]
	at scala.Option.map(Option.scala:145) ~[scala-library.jar:na]
	at play.api.mvc.Action$$anonfun$apply$1.apply(Action.scala:107) ~[play_2.10.jar:2.2.3]
	at play.api.mvc.Action$$anonfun$apply$1.apply(Action.scala:100) ~[play_2.10.jar:2.2.3]
	at play.api.libs.iteratee.Iteratee$$anonfun$mapM$1.apply(Iteratee.scala:481) ~[play-iteratees_2.10.jar:2.2.3]
	at play.api.libs.iteratee.Iteratee$$anonfun$mapM$1.apply(Iteratee.scala:481) ~[play-iteratees_2.10.jar:2.2.3]
	at play.api.libs.iteratee.Iteratee$$anonfun$flatMapM$1.apply(Iteratee.scala:517) ~[play-iteratees_2.10.jar:2.2.3]
	at play.api.libs.iteratee.Iteratee$$anonfun$flatMapM$1.apply(Iteratee.scala:517) ~[play-iteratees_2.10.jar:2.2.3]
	at play.api.libs.iteratee.Iteratee$$anonfun$flatMap$1$$anonfun$apply$13.apply(Iteratee.scala:493) ~[play-iteratees_2.10.jar:2.2.3]
	at play.api.libs.iteratee.Iteratee$$anonfun$flatMap$1$$anonfun$apply$13.apply(Iteratee.scala:493) ~[play-iteratees_2.10.jar:2.2.3]
	at scala.concurrent.impl.Future$PromiseCompletingRunnable.liftedTree1$1(Future.scala:24) [scala-library.jar:na]
	at scala.concurrent.impl.Future$PromiseCompletingRunnable.run(Future.scala:24) [scala-library.jar:na]
	... 6 common frames omitted

